<?xml version="1.0" encoding="UTF-8"?>
<!-- Generated by org.testng.reporters.JUnitReportReporter -->
<testsuite hostname="360PC0145" name="BranchManagement.CreateBranchWithAllDetails" tests="1" failures="0" timestamp="16 Jun 2017 12:49:46 GMT" time="98.680" errors="0">
  <testcase name="createNewBranchWithAllDetails" time="98.680" classname="BranchManagement.CreateBranchWithAllDetails"/>
</testsuite> <!-- BranchManagement.CreateBranchWithAllDetails -->
