<?xml version="1.0" encoding="UTF-8"?>
<!-- Generated by org.testng.reporters.JUnitReportReporter -->
<testsuite hostname="DESKTOP-ER1VHCV" name="UserManagement.CreateNewUserWithAllDetails" tests="1" failures="0" timestamp="16 Jun 2017 10:25:39 GMT" time="12.715" errors="0">
  <testcase name="createNewUserWithAllDetails" time="12.715" classname="UserManagement.CreateNewUserWithAllDetails"/>
</testsuite> <!-- UserManagement.CreateNewUserWithAllDetails -->
