<?xml version="1.0" encoding="UTF-8"?>
<!-- Generated by org.testng.reporters.JUnitReportReporter -->
<testsuite hostname="360PC0145" name="BranchManagement.EditBranchWithAllDetails" tests="1" failures="0" timestamp="16 Jun 2017 13:42:09 GMT" time="154.147" errors="0">
  <testcase name="editNewBranchWithAllDetails" time="154.147" classname="BranchManagement.EditBranchWithAllDetails"/>
</testsuite> <!-- BranchManagement.EditBranchWithAllDetails -->
