<?xml version="1.0" encoding="UTF-8"?>
<!-- Generated by org.testng.reporters.JUnitReportReporter -->
<testsuite hostname="DESKTOP-ER1VHCV" name="CustomerManagement.CreateNewCustomerWithAllDetails" tests="1" failures="0" timestamp="15 Jun 2017 14:48:21 GMT" time="47.057" errors="0">
  <testcase name="createNewCustomerWithAllDetails" time="47.057" classname="CustomerManagement.CreateNewCustomerWithAllDetails"/>
</testsuite> <!-- CustomerManagement.CreateNewCustomerWithAllDetails -->
