<?xml version="1.0" encoding="UTF-8"?>
<!-- Generated by org.testng.reporters.JUnitReportReporter -->
<testsuite hostname="DESKTOP-ER1VHCV" name="UserManagement.CreateNewUserWithAllDetails" tests="1" failures="0" timestamp="15 Jun 2017 11:31:38 GMT" time="59.284" errors="0">
  <testcase name="createNewUserWithAllDetails" time="59.284" classname="UserManagement.CreateNewUserWithAllDetails"/>
</testsuite> <!-- UserManagement.CreateNewUserWithAllDetails -->
