<?xml version="1.0" encoding="UTF-8"?>
<!-- Generated by org.testng.reporters.JUnitReportReporter -->
<testsuite hostname="DESKTOP-ER1VHCV" name="BranchManagement.EditBranchWithAllDetails" tests="1" failures="0" timestamp="19 Jun 2017 09:23:51 GMT" time="22.966" errors="0">
  <testcase name="editBranchWithAllDetails" time="22.966" classname="BranchManagement.EditBranchWithAllDetails"/>
</testsuite> <!-- BranchManagement.EditBranchWithAllDetails -->
